# JRE version: Java(TM) SE Runtime Environment (8.0_121-b13) (build 1.8.0_121-b13)
# Java VM: Java HotSpot(TM) 64-Bit Server VM (25.121-b13 mixed mode bsd-amd64 compressed oops)
Heap:
 PSYoungGen      total 218112K, used 151556K [0x000000076ab00000, 0x000000077c000000, 0x00000007c0000000)
  eden space 207360K, 73% used [0x000000076ab00000,0x0000000773f01320,0x0000000777580000)
  from space 10752K, 0% used [0x000000077b580000,0x000000077b580000,0x000000077c000000)
  to   space 10752K, 0% used [0x000000077ab00000,0x000000077ab00000,0x000000077b580000)
 ParOldGen       total 597504K, used 306390K [0x00000006c0000000, 0x00000006e4780000, 0x000000076ab00000)
  object space 597504K, 51% used [0x00000006c0000000,0x00000006d2b35bc0,0x00000006e4780000)
 Metaspace       used 9725K, capacity 9859K, committed 9984K, reserved 1058816K
  class space    used 975K, capacity 1016K, committed 1024K, reserved 1048576K
GC Heap History (10 events):
Event: 1.521 GC heap before
{Heap before GC invocations=2 (full 0):
 PSYoungGen      total 76288K, used 76284K [0x000000076ab00000, 0x0000000774000000, 0x00000007c0000000)
  eden space 65536K, 100% used [0x000000076ab00000,0x000000076eb00000,0x000000076eb00000)
  from space 10752K, 99% used [0x000000076eb00000,0x000000076f57f140,0x000000076f580000)
  to   space 10752K, 0% used [0x0000000773580000,0x0000000773580000,0x0000000774000000)
 ParOldGen       total 175104K, used 36508K [0x00000006c0000000, 0x00000006cab00000, 0x000000076ab00000)
  object space 175104K, 20% used [0x00000006c0000000,0x00000006c23a7220,0x00000006cab00000)
 Metaspace       used 9261K, capacity 9411K, committed 9472K, reserved 1058816K
  class space    used 945K, capacity 1016K, committed 1024K, reserved 1048576K
Event: 1.610 GC heap after
Heap after GC invocations=2 (full 0):
 PSYoungGen      total 141824K, used 10752K [0x000000076ab00000, 0x0000000774000000, 0x00000007c0000000)
  eden space 131072K, 0% used [0x000000076ab00000,0x000000076ab00000,0x0000000772b00000)
  from space 10752K, 100% used [0x0000000773580000,0x0000000774000000,0x0000000774000000)
  to   space 10752K, 0% used [0x0000000772b00000,0x0000000772b00000,0x0000000773580000)
 ParOldGen       total 175104K, used 98333K [0x00000006c0000000, 0x00000006cab00000, 0x000000076ab00000)
  object space 175104K, 56% used [0x00000006c0000000,0x00000006c60076c8,0x00000006cab00000)
 Metaspace       used 9261K, capacity 9411K, committed 9472K, reserved 1058816K
  class space    used 945K, capacity 1016K, committed 1024K, reserved 1048576K
}
Event: 3.710 GC heap before
{Heap before GC invocations=3 (full 0):
 PSYoungGen      total 141824K, used 141824K [0x000000076ab00000, 0x0000000774000000, 0x00000007c0000000)
  eden space 131072K, 100% used [0x000000076ab00000,0x0000000772b00000,0x0000000772b00000)
  from space 10752K, 100% used [0x0000000773580000,0x0000000774000000,0x0000000774000000)
  to   space 10752K, 0% used [0x0000000772b00000,0x0000000772b00000,0x0000000773580000)
 ParOldGen       total 175104K, used 98333K [0x00000006c0000000, 0x00000006cab00000, 0x000000076ab00000)
  object space 175104K, 56% used [0x00000006c0000000,0x00000006c60076c8,0x00000006cab00000)
 Metaspace       used 9602K, capacity 9731K, committed 9984K, reserved 1058816K
  class space    used 964K, capacity 1016K, committed 1024K, reserved 1048576K
Event: 3.876 GC heap after
Heap after GC invocations=3 (full 0):
 PSYoungGen      total 141824K, used 10720K [0x000000076ab00000, 0x000000077c000000, 0x00000007c0000000)
  eden space 131072K, 0% used [0x000000076ab00000,0x000000076ab00000,0x0000000772b00000)
  from space 10752K, 99% used [0x0000000772b00000,0x0000000773578010,0x0000000773580000)
  to   space 10752K, 0% used [0x000000077b580000,0x000000077b580000,0x000000077c000000)
 ParOldGen       total 181248K, used 181095K [0x00000006c0000000, 0x00000006cb100000, 0x000000076ab00000)
  object space 181248K, 99% used [0x00000006c0000000,0x00000006cb0d9f38,0x00000006cb100000)
 Metaspace       used 9602K, capacity 9731K, committed 9984K, reserved 1058816K
  class space    used 964K, capacity 1016K, committed 1024K, reserved 1048576K
}
Event: 3.876 GC heap before
{Heap before GC invocations=4 (full 1):
 PSYoungGen      total 141824K, used 10720K [0x000000076ab00000, 0x000000077c000000, 0x00000007c0000000)
  eden space 131072K, 0% used [0x000000076ab00000,0x000000076ab00000,0x0000000772b00000)
  from space 10752K, 99% used [0x0000000772b00000,0x0000000773578010,0x0000000773580000)
  to   space 10752K, 0% used [0x000000077b580000,0x000000077b580000,0x000000077c000000)
 ParOldGen       total 181248K, used 181095K [0x00000006c0000000, 0x00000006cb100000, 0x000000076ab00000)
  object space 181248K, 99% used [0x00000006c0000000,0x00000006cb0d9f38,0x00000006cb100000)
 Metaspace       used 9602K, capacity 9731K, committed 9984K, reserved 1058816K
  class space    used 964K, capacity 1016K, committed 1024K, reserved 1048576K
Event: 4.339 GC heap after
Heap after GC invocations=4 (full 1):
 PSYoungGen      total 141824K, used 2009K [0x000000076ab00000, 0x000000077c000000, 0x00000007c0000000)
  eden space 131072K, 0% used [0x000000076ab00000,0x000000076ab00000,0x0000000772b00000)
  from space 10752K, 18% used [0x0000000772b00000,0x0000000772cf6688,0x0000000773580000)
  to   space 10752K, 0% used [0x000000077b580000,0x000000077b580000,0x000000077c000000)
 ParOldGen       total 370176K, used 181036K [0x00000006c0000000, 0x00000006d6980000, 0x000000076ab00000)
  object space 370176K, 48% used [0x00000006c0000000,0x00000006cb0cb1e0,0x00000006d6980000)
 Metaspace       used 9602K, capacity 9731K, committed 9984K, reserved 1058816K
  class space    used 964K, capacity 1016K, committed 1024K, reserved 1048576K
}
Event: 4.863 GC heap before
{Heap before GC invocations=5 (full 1):
 PSYoungGen      total 141824K, used 133081K [0x000000076ab00000, 0x000000077c000000, 0x00000007c0000000)
  eden space 131072K, 100% used [0x000000076ab00000,0x0000000772b00000,0x0000000772b00000)
  from space 10752K, 18% used [0x0000000772b00000,0x0000000772cf6688,0x0000000773580000)
  to   space 10752K, 0% used [0x000000077b580000,0x000000077b580000,0x000000077c000000)
 ParOldGen       total 370176K, used 181036K [0x00000006c0000000, 0x00000006d6980000, 0x000000076ab00000)
  object space 370176K, 48% used [0x00000006c0000000,0x00000006cb0cb1e0,0x00000006d6980000)
 Metaspace       used 9607K, capacity 9731K, committed 9984K, reserved 1058816K
  class space    used 964K, capacity 1016K, committed 1024K, reserved 1048576K
Event: 5.050 GC heap after
Heap after GC invocations=5 (full 1):
 PSYoungGen      total 218112K, used 10720K [0x000000076ab00000, 0x000000077c000000, 0x00000007c0000000)
  eden space 207360K, 0% used [0x000000076ab00000,0x000000076ab00000,0x0000000777580000)
  from space 10752K, 99% used [0x000000077b580000,0x000000077bff8010,0x000000077c000000)
  to   space 10752K, 0% used [0x000000077ab00000,0x000000077ab00000,0x000000077b580000)
 ParOldGen       total 370176K, used 296250K [0x00000006c0000000, 0x00000006d6980000, 0x000000076ab00000)
  object space 370176K, 80% used [0x00000006c0000000,0x00000006d214e840,0x00000006d6980000)
 Metaspace       used 9607K, capacity 9731K, committed 9984K, reserved 1058816K
  class space    used 964K, capacity 1016K, committed 1024K, reserved 1048576K
}
Event: 5.050 GC heap before
{Heap before GC invocations=6 (full 2):
 PSYoungGen      total 218112K, used 10720K [0x000000076ab00000, 0x000000077c000000, 0x00000007c0000000)
  eden space 207360K, 0% used [0x000000076ab00000,0x000000076ab00000,0x0000000777580000)
  from space 10752K, 99% used [0x000000077b580000,0x000000077bff8010,0x000000077c000000)
  to   space 10752K, 0% used [0x000000077ab00000,0x000000077ab00000,0x000000077b580000)
 ParOldGen       total 370176K, used 296250K [0x00000006c0000000, 0x00000006d6980000, 0x000000076ab00000)
  object space 370176K, 80% used [0x00000006c0000000,0x00000006d214e840,0x00000006d6980000)
 Metaspace       used 9607K, capacity 9731K, committed 9984K, reserved 1058816K
  class space    used 964K, capacity 1016K, committed 1024K, reserved 1048576K
Event: 6.075 GC heap after
Heap after GC invocations=6 (full 2):
 PSYoungGen      total 218112K, used 0K [0x000000076ab00000, 0x000000077c000000, 0x00000007c0000000)
  eden space 207360K, 0% used [0x000000076ab00000,0x000000076ab00000,0x0000000777580000)
  from space 10752K, 0% used [0x000000077b580000,0x000000077b580000,0x000000077c000000)
  to   space 10752K, 0% used [0x000000077ab00000,0x000000077ab00000,0x000000077b580000)
 ParOldGen       total 597504K, used 306390K [0x00000006c0000000, 0x00000006e4780000, 0x000000076ab00000)
  object space 597504K, 51% used [0x00000006c0000000,0x00000006d2b35bc0,0x00000006e4780000)
 Metaspace       used 9607K, capacity 9731K, committed 9984K, reserved 1058816K
  class space    used 964K, capacity 1016K, committed 1024K, reserved 1048576K
}

