# JRE version: Java(TM) SE Runtime Environment (8.0_121-b13) (build 1.8.0_121-b13)
# Java VM: Java HotSpot(TM) 64-Bit Server VM (25.121-b13 mixed mode bsd-amd64 compressed oops)
Heap:
 PSYoungGen      total 272896K, used 43347K [0x000000076ab00000, 0x0000000791d00000, 0x00000007c0000000)
  eden space 262144K, 12% used [0x000000076ab00000,0x000000076cbe5010,0x000000077ab00000)
  from space 10752K, 89% used [0x000000077ab00000,0x000000077b46fe08,0x000000077b580000)
  to   space 177664K, 0% used [0x0000000786f80000,0x0000000786f80000,0x0000000791d00000)
 ParOldGen       total 731136K, used 407426K [0x00000006c0000000, 0x00000006eca00000, 0x000000076ab00000)
  object space 731136K, 55% used [0x00000006c0000000,0x00000006d8de0938,0x00000006eca00000)
 Metaspace       used 9829K, capacity 9987K, committed 10240K, reserved 1058816K
  class space    used 975K, capacity 1016K, committed 1024K, reserved 1048576K
GC Heap History (10 events):
Event: 3.182 GC heap before
{Heap before GC invocations=3 (full 0):
 PSYoungGen      total 141824K, used 141824K [0x000000076ab00000, 0x0000000774000000, 0x00000007c0000000)
  eden space 131072K, 100% used [0x000000076ab00000,0x0000000772b00000,0x0000000772b00000)
  from space 10752K, 100% used [0x0000000773580000,0x0000000774000000,0x0000000774000000)
  to   space 10752K, 0% used [0x0000000772b00000,0x0000000772b00000,0x0000000773580000)
 ParOldGen       total 175104K, used 98027K [0x00000006c0000000, 0x00000006cab00000, 0x000000076ab00000)
  object space 175104K, 55% used [0x00000006c0000000,0x00000006c5fbada8,0x00000006cab00000)
 Metaspace       used 9600K, capacity 9731K, committed 9984K, reserved 1058816K
  class space    used 966K, capacity 1016K, committed 1024K, reserved 1048576K
Event: 3.366 GC heap after
Heap after GC invocations=3 (full 0):
 PSYoungGen      total 141824K, used 10720K [0x000000076ab00000, 0x000000077c000000, 0x00000007c0000000)
  eden space 131072K, 0% used [0x000000076ab00000,0x000000076ab00000,0x0000000772b00000)
  from space 10752K, 99% used [0x0000000772b00000,0x0000000773578010,0x0000000773580000)
  to   space 10752K, 0% used [0x000000077b580000,0x000000077b580000,0x000000077c000000)
 ParOldGen       total 178688K, used 177369K [0x00000006c0000000, 0x00000006cae80000, 0x000000076ab00000)
  object space 178688K, 99% used [0x00000006c0000000,0x00000006cad366a8,0x00000006cae80000)
 Metaspace       used 9600K, capacity 9731K, committed 9984K, reserved 1058816K
  class space    used 966K, capacity 1016K, committed 1024K, reserved 1048576K
}
Event: 3.366 GC heap before
{Heap before GC invocations=4 (full 1):
 PSYoungGen      total 141824K, used 10720K [0x000000076ab00000, 0x000000077c000000, 0x00000007c0000000)
  eden space 131072K, 0% used [0x000000076ab00000,0x000000076ab00000,0x0000000772b00000)
  from space 10752K, 99% used [0x0000000772b00000,0x0000000773578010,0x0000000773580000)
  to   space 10752K, 0% used [0x000000077b580000,0x000000077b580000,0x000000077c000000)
 ParOldGen       total 178688K, used 177369K [0x00000006c0000000, 0x00000006cae80000, 0x000000076ab00000)
  object space 178688K, 99% used [0x00000006c0000000,0x00000006cad366a8,0x00000006cae80000)
 Metaspace       used 9600K, capacity 9731K, committed 9984K, reserved 1058816K
  class space    used 966K, capacity 1016K, committed 1024K, reserved 1048576K
Event: 3.942 GC heap after
Heap after GC invocations=4 (full 1):
 PSYoungGen      total 141824K, used 479K [0x000000076ab00000, 0x000000077c000000, 0x00000007c0000000)
  eden space 131072K, 0% used [0x000000076ab00000,0x000000076ab00000,0x0000000772b00000)
  from space 10752K, 4% used [0x0000000772b00000,0x0000000772b77d30,0x0000000773580000)
  to   space 10752K, 0% used [0x000000077b580000,0x000000077b580000,0x000000077c000000)
 ParOldGen       total 368128K, used 178512K [0x00000006c0000000, 0x00000006d6780000, 0x000000076ab00000)
  object space 368128K, 48% used [0x00000006c0000000,0x00000006cae541d0,0x00000006d6780000)
 Metaspace       used 9600K, capacity 9731K, committed 9984K, reserved 1058816K
  class space    used 966K, capacity 1016K, committed 1024K, reserved 1048576K
}
Event: 7.358 GC heap before
{Heap before GC invocations=5 (full 1):
 PSYoungGen      total 141824K, used 131551K [0x000000076ab00000, 0x000000077c000000, 0x00000007c0000000)
  eden space 131072K, 100% used [0x000000076ab00000,0x0000000772b00000,0x0000000772b00000)
  from space 10752K, 4% used [0x0000000772b00000,0x0000000772b77d30,0x0000000773580000)
  to   space 10752K, 0% used [0x000000077b580000,0x000000077b580000,0x000000077c000000)
 ParOldGen       total 368128K, used 178512K [0x00000006c0000000, 0x00000006d6780000, 0x000000076ab00000)
  object space 368128K, 48% used [0x00000006c0000000,0x00000006cae541d0,0x00000006d6780000)
 Metaspace       used 9746K, capacity 9859K, committed 9984K, reserved 1058816K
  class space    used 970K, capacity 1016K, committed 1024K, reserved 1048576K
Event: 7.452 GC heap after
Heap after GC invocations=5 (full 1):
 PSYoungGen      total 200704K, used 10752K [0x000000076ab00000, 0x000000077c000000, 0x00000007c0000000)
  eden space 189952K, 0% used [0x000000076ab00000,0x000000076ab00000,0x0000000776480000)
  from space 10752K, 100% used [0x000000077b580000,0x000000077c000000,0x000000077c000000)
  to   space 10752K, 0% used [0x000000077ab00000,0x000000077ab00000,0x000000077b580000)
 ParOldGen       total 368128K, used 225685K [0x00000006c0000000, 0x00000006d6780000, 0x000000076ab00000)
  object space 368128K, 61% used [0x00000006c0000000,0x00000006cdc654c0,0x00000006d6780000)
 Metaspace       used 9746K, capacity 9859K, committed 9984K, reserved 1058816K
  class space    used 970K, capacity 1016K, committed 1024K, reserved 1048576K
}
Event: 8.150 GC heap before
{Heap before GC invocations=6 (full 1):
 PSYoungGen      total 200704K, used 200704K [0x000000076ab00000, 0x000000077c000000, 0x00000007c0000000)
  eden space 189952K, 100% used [0x000000076ab00000,0x0000000776480000,0x0000000776480000)
  from space 10752K, 100% used [0x000000077b580000,0x000000077c000000,0x000000077c000000)
  to   space 10752K, 0% used [0x000000077ab00000,0x000000077ab00000,0x000000077b580000)
 ParOldGen       total 368128K, used 225685K [0x00000006c0000000, 0x00000006d6780000, 0x000000076ab00000)
  object space 368128K, 61% used [0x00000006c0000000,0x00000006cdc654c0,0x00000006d6780000)
 Metaspace       used 9751K, capacity 9859K, committed 9984K, reserved 1058816K
  class space    used 970K, capacity 1016K, committed 1024K, reserved 1048576K
Event: 8.362 GC heap after
Heap after GC invocations=6 (full 1):
 PSYoungGen      total 272896K, used 10752K [0x000000076ab00000, 0x0000000791d00000, 0x00000007c0000000)
  eden space 262144K, 0% used [0x000000076ab00000,0x000000076ab00000,0x000000077ab00000)
  from space 10752K, 100% used [0x000000077ab00000,0x000000077b580000,0x000000077b580000)
  to   space 177664K, 0% used [0x0000000786f80000,0x0000000786f80000,0x0000000791d00000)
 ParOldGen       total 407552K, used 407451K [0x00000006c0000000, 0x00000006d8e00000, 0x000000076ab00000)
  object space 407552K, 99% used [0x00000006c0000000,0x00000006d8de6ec0,0x00000006d8e00000)
 Metaspace       used 9751K, capacity 9859K, committed 9984K, reserved 1058816K
  class space    used 970K, capacity 1016K, committed 1024K, reserved 1048576K
}
Event: 8.362 GC heap before
{Heap before GC invocations=7 (full 2):
 PSYoungGen      total 272896K, used 10752K [0x000000076ab00000, 0x0000000791d00000, 0x00000007c0000000)
  eden space 262144K, 0% used [0x000000076ab00000,0x000000076ab00000,0x000000077ab00000)
  from space 10752K, 100% used [0x000000077ab00000,0x000000077b580000,0x000000077b580000)
  to   space 177664K, 0% used [0x0000000786f80000,0x0000000786f80000,0x0000000791d00000)
 ParOldGen       total 407552K, used 407451K [0x00000006c0000000, 0x00000006d8e00000, 0x000000076ab00000)
  object space 407552K, 99% used [0x00000006c0000000,0x00000006d8de6ec0,0x00000006d8e00000)
 Metaspace       used 9751K, capacity 9859K, committed 9984K, reserved 1058816K
  class space    used 970K, capacity 1016K, committed 1024K, reserved 1048576K
Event: 10.306 GC heap after
Heap after GC invocations=7 (full 2):
 PSYoungGen      total 272896K, used 9663K [0x000000076ab00000, 0x0000000791d00000, 0x00000007c0000000)
  eden space 262144K, 0% used [0x000000076ab00000,0x000000076ab00000,0x000000077ab00000)
  from space 10752K, 89% used [0x000000077ab00000,0x000000077b46fe08,0x000000077b580000)
  to   space 177664K, 0% used [0x0000000786f80000,0x0000000786f80000,0x0000000791d00000)
 ParOldGen       total 731136K, used 407426K [0x00000006c0000000, 0x00000006eca00000, 0x000000076ab00000)
  object space 731136K, 55% used [0x00000006c0000000,0x00000006d8de0938,0x00000006eca00000)
 Metaspace       used 9751K, capacity 9859K, committed 9984K, reserved 1058816K
  class space    used 970K, capacity 1016K, committed 1024K, reserved 1048576K
}

